log4j:WARN No appenders could be found for logger (org.pentaho.di.core.vfs.ConcurrentFileSystemManager).
log4j:WARN Please initialize the log4j system properly.
log4j:WARN See http://logging.apache.org/log4j/1.2/faq.html#noconfig for more info.
TLW: PluginRegistry load plugin: interface org.pentaho.di.core.plugins.PluginRegistryExtension
org.pentaho.di.core.exception.KettlePluginException: 
Class not found
org.pentaho.di.osgi.registryExtension.OSGIPluginRegistryExtension

	at org.pentaho.di.core.plugins.PluginRegistry.loadClass(PluginRegistry.java:493)
	at org.pentaho.di.core.plugins.PluginRegistry.loadClass(PluginRegistry.java:339)
	at org.pentaho.di.core.plugins.PluginRegistry.init(PluginRegistry.java:547)
	at org.pentaho.di.core.plugins.PluginRegistry.init(PluginRegistry.java:528)
	at org.pentaho.di.core.KettleClientEnvironment.init(KettleClientEnvironment.java:117)
	at org.pentaho.di.core.KettleClientEnvironment.init(KettleClientEnvironment.java:80)
	at org.pentaho.di.core.KettleEnvironment.init(KettleEnvironment.java:133)
	at org.pentaho.di.core.KettleEnvironment.init(KettleEnvironment.java:100)
	at org.pentaho.di.core.KettleEnvironment.init(KettleEnvironment.java:81)
	at org.pentaho.di.ui.spoon.Spoon$1.call(Spoon.java:634)
	at org.pentaho.di.ui.spoon.Spoon$1.call(Spoon.java:626)
	at java.util.concurrent.FutureTask.run(FutureTask.java:266)
	at java.util.concurrent.ThreadPoolExecutor.runWorker(ThreadPoolExecutor.java:1149)
	at java.util.concurrent.ThreadPoolExecutor$Worker.run(ThreadPoolExecutor.java:624)
	at java.lang.Thread.run(Thread.java:748)
Caused by: java.lang.ClassNotFoundException: org.pentaho.di.osgi.registryExtension.OSGIPluginRegistryExtension
	at java.net.URLClassLoader.findClass(URLClassLoader.java:382)
	at java.lang.ClassLoader.loadClass(ClassLoader.java:424)
	at sun.misc.Launcher$AppClassLoader.loadClass(Launcher.java:349)
	at java.lang.ClassLoader.loadClass(ClassLoader.java:357)
	at java.lang.Class.forName0(Native Method)
	at java.lang.Class.forName(Class.java:264)
	at org.pentaho.di.core.plugins.PluginRegistry.loadClass(PluginRegistry.java:483)
	... 14 more
TLW: PluginRegistry load plugin: interface org.pentaho.di.core.encryption.TwoWayPasswordEncoderInterface
TLW: PluginRegistry load plugin: interface org.pentaho.di.core.plugins.PluginRegistryExtension
org.pentaho.di.core.exception.KettlePluginException: 
Class not found
org.pentaho.di.osgi.registryExtension.OSGIPluginRegistryExtension

	at org.pentaho.di.core.plugins.PluginRegistry.loadClass(PluginRegistry.java:493)
	at org.pentaho.di.core.plugins.PluginRegistry.loadClass(PluginRegistry.java:339)
	at org.pentaho.di.core.plugins.PluginRegistry.init(PluginRegistry.java:547)
	at org.pentaho.di.core.plugins.PluginRegistry.init(PluginRegistry.java:528)
	at org.pentaho.di.core.KettleEnvironment.init(KettleEnvironment.java:145)
	at org.pentaho.di.core.KettleEnvironment.init(KettleEnvironment.java:100)
	at org.pentaho.di.core.KettleEnvironment.init(KettleEnvironment.java:81)
	at org.pentaho.di.ui.spoon.Spoon$1.call(Spoon.java:634)
	at org.pentaho.di.ui.spoon.Spoon$1.call(Spoon.java:626)
	at java.util.concurrent.FutureTask.run(FutureTask.java:266)
	at java.util.concurrent.ThreadPoolExecutor.runWorker(ThreadPoolExecutor.java:1149)
	at java.util.concurrent.ThreadPoolExecutor$Worker.run(ThreadPoolExecutor.java:624)
	at java.lang.Thread.run(Thread.java:748)
Caused by: java.lang.ClassNotFoundException: org.pentaho.di.osgi.registryExtension.OSGIPluginRegistryExtension
	at java.net.URLClassLoader.findClass(URLClassLoader.java:382)
	at java.lang.ClassLoader.loadClass(ClassLoader.java:424)
	at sun.misc.Launcher$AppClassLoader.loadClass(Launcher.java:349)
	at java.lang.ClassLoader.loadClass(ClassLoader.java:357)
	at java.lang.Class.forName0(Native Method)
	at java.lang.Class.forName(Class.java:264)
	at org.pentaho.di.core.plugins.PluginRegistry.loadClass(PluginRegistry.java:483)
	... 12 more
TLW: PluginRegistry load plugin: interface org.pentaho.di.core.lifecycle.KettleLifecycleListener
2019/09/13 10:10:29 - General - ERROR (version Unknown, build 0 from 2019/09/13 10:10:28.493 by tlw) : Unexpected error loading class for plugin PDI-OSGI-Bridge Listener
2019/09/13 10:10:29 - General - ERROR (version Unknown, build 0 from 2019/09/13 10:10:28.493 by tlw) : org.pentaho.di.core.exception.KettlePluginException: 
2019/09/13 10:10:29 - General - Class not found
2019/09/13 10:10:29 - General - org.pentaho.di.osgi.KettleLifeCycleAdapter
2019/09/13 10:10:29 - General - 
2019/09/13 10:10:29 - General - 	at org.pentaho.di.core.plugins.PluginRegistry.loadClass(PluginRegistry.java:493)
2019/09/13 10:10:29 - General - 	at org.pentaho.di.core.lifecycle.LifecycleSupport.loadPlugins(LifecycleSupport.java:93)
2019/09/13 10:10:29 - General - 	at org.pentaho.di.core.lifecycle.KettleLifecycleSupport.<init>(KettleLifecycleSupport.java:55)
2019/09/13 10:10:29 - General - 	at org.pentaho.di.core.KettleEnvironment.initLifecycleListeners(KettleEnvironment.java:179)
2019/09/13 10:10:29 - General - 	at org.pentaho.di.core.KettleEnvironment.init(KettleEnvironment.java:153)
2019/09/13 10:10:29 - General - 	at org.pentaho.di.core.KettleEnvironment.init(KettleEnvironment.java:100)
2019/09/13 10:10:29 - General - 	at org.pentaho.di.core.KettleEnvironment.init(KettleEnvironment.java:81)
2019/09/13 10:10:29 - General - 	at org.pentaho.di.ui.spoon.Spoon$1.call(Spoon.java:634)
2019/09/13 10:10:29 - General - 	at org.pentaho.di.ui.spoon.Spoon$1.call(Spoon.java:626)
2019/09/13 10:10:29 - General - 	at java.util.concurrent.FutureTask.run(FutureTask.java:266)
2019/09/13 10:10:29 - General - 	at java.util.concurrent.ThreadPoolExecutor.runWorker(ThreadPoolExecutor.java:1149)
2019/09/13 10:10:29 - General - 	at java.util.concurrent.ThreadPoolExecutor$Worker.run(ThreadPoolExecutor.java:624)
2019/09/13 10:10:29 - General - 	at java.lang.Thread.run(Thread.java:748)
2019/09/13 10:10:29 - General - Caused by: java.lang.ClassNotFoundException: org.pentaho.di.osgi.KettleLifeCycleAdapter
2019/09/13 10:10:29 - General - 	at java.net.URLClassLoader.findClass(URLClassLoader.java:382)
2019/09/13 10:10:29 - General - 	at java.lang.ClassLoader.loadClass(ClassLoader.java:424)
2019/09/13 10:10:29 - General - 	at sun.misc.Launcher$AppClassLoader.loadClass(Launcher.java:349)
2019/09/13 10:10:29 - General - 	at java.lang.ClassLoader.loadClass(ClassLoader.java:357)
2019/09/13 10:10:29 - General - 	at java.lang.Class.forName0(Native Method)
2019/09/13 10:10:29 - General - 	at java.lang.Class.forName(Class.java:264)
2019/09/13 10:10:29 - General - 	at org.pentaho.di.core.plugins.PluginRegistry.loadClass(PluginRegistry.java:483)
2019/09/13 10:10:29 - General - 	... 12 more
TLW: PluginRegistry load plugin: interface org.pentaho.di.trans.step.StepMetaInterface
TLW: PluginRegistry load plugin: interface org.pentaho.di.trans.step.StepMetaInterface
TLW: PluginRegistry load plugin: interface org.pentaho.di.trans.step.StepMetaInterface
TLW: PluginRegistry load plugin: interface org.pentaho.di.trans.step.StepMetaInterface
TLW: PluginRegistry load plugin: interface org.pentaho.di.trans.step.StepMetaInterface
TLW: PluginRegistry load plugin: interface org.pentaho.di.trans.step.StepMetaInterface
2019/09/13 11:53:12 - Spoon - Spoon  已经结束.
stopping
